{"C:\\Users\\2214290039\\Desktop\\testequinta\\calculadora.js": {"path":"C:\\Users\\2214290039\\Desktop\\testequinta\\calculadora.js","statementMap":{"0":{"start":{"line":2,"column":4},"end":{"line":2,"column":14}},"1":{"start":{"line":4,"column":0},"end":{"line":4,"column":40}},"2":{"start":{"line":5,"column":0},"end":{"line":5,"column":21}},"3":{"start":{"line":8,"column":4},"end":{"line":8,"column":14}},"4":{"start":{"line":10,"column":0},"end":{"line":10,"column":55}},"5":{"start":{"line":11,"column":0},"end":{"line":11,"column":33}},"6":{"start":{"line":14,"column":4},"end":{"line":14,"column":14}},"7":{"start":{"line":16,"column":0},"end":{"line":16,"column":48}},"8":{"start":{"line":17,"column":0},"end":{"line":17,"column":27}},"9":{"start":{"line":20,"column":4},"end":{"line":20,"column":14}},"10":{"start":{"line":22,"column":0},"end":{"line":22,"column":45}},"11":{"start":{"line":23,"column":0},"end":{"line":23,"column":25}}},"fnMap":{"0":{"name":"somar","decl":{"start":{"line":1,"column":9},"end":{"line":1,"column":14}},"loc":{"start":{"line":1,"column":20},"end":{"line":3,"column":1}},"line":1},"1":{"name":"multiplicar","decl":{"start":{"line":7,"column":9},"end":{"line":7,"column":20}},"loc":{"start":{"line":7,"column":26},"end":{"line":9,"column":1}},"line":7},"2":{"name":"subtrair","decl":{"start":{"line":13,"column":9},"end":{"line":13,"column":17}},"loc":{"start":{"line":13,"column":23},"end":{"line":15,"column":1}},"line":13},"3":{"name":"dividir","decl":{"start":{"line":19,"column":9},"end":{"line":19,"column":16}},"loc":{"start":{"line":19,"column":22},"end":{"line":21,"column":1}},"line":19}},"branchMap":{},"s":{"0":2,"1":1,"2":1,"3":1,"4":1,"5":1,"6":1,"7":1,"8":1,"9":2,"10":1,"11":1},"f":{"0":2,"1":1,"2":1,"3":2},"b":{},"_coverageSchema":"1a1c01bbd47fc00a2c39e90264f33305004495a9","hash":"bc8a2faaf51a44464db6dee0ab0e6f2fa6fa2e62"}
}
